your name

PROG2220: Section 1

Assignment 1: Task 2

Current System Date
2016-09-05 16:49:54


*** Task 2, Q1. MGS Exercise 3-1 [2 points] ***

product_code	product_name	list_price	discount_percent
sg	Gibson SG	2517.00	52.00
les_paul	Gibson Les Paul	1199.00	30.00
tama	Tama 5-Piece Drum Set with Cymbals	799.99	15.00
precision	Fender Precision	799.99	30.00
ludwig	Ludwig 5-piece Drum Set with Cymbals	699.99	30.00
strat	Fender Stratocaster	699.00	30.00
hofner	Hofner Icon	499.99	25.00
fg700s	Yamaha FG700S	489.99	38.00
rodriguez	Rodriguez Caballero 11	415.00	39.00
washburn	Washburn D10S	299.00	0.00


*** Task 2, Q2. MGS Exercise 3-3 [5 points] ***

product_name	list_price	date_added
Tama 5-Piece Drum Set with Cymbals	799.99	2015-07-30 13:14:15
Ludwig 5-piece Drum Set with Cymbals	699.99	2015-07-30 12:46:40
Fender Precision	799.99	2015-06-01 11:29:35
Gibson Les Paul	1199.00	2014-12-05 16:33:13
Fender Stratocaster	699.00	2014-10-30 09:32:40


*** Task 2, Q3. MGS Exercise 3-5 [5 points] ***

item_id	item_price	discount_amount	quantity	price_total	discount_total	item_total
5	1199.00	359.70	2	2398.00	719.40	1678.60
3	2517.00	1308.84	1	2517.00	1308.84	1208.16
1	1199.00	359.70	1	1199.00	359.70	839.30
11	799.99	120.00	1	799.99	120.00	679.99
9	799.99	240.00	1	799.99	240.00	559.99


*** Task 2, Q4. MGS Exercise 3-6 [5 points] ***

order_id	order_date	ship_date
6	2015-03-31 18:37:22	NULL
8	2015-04-02 11:26:38	NULL
9	2015-04-03 12:22:31	NULL


*** Task 2, Q5. MGS Exercise 3-8 [3 points] ***

price	tax_rate	tax_amount	total
100	0.07	7.00	107.00
