your name

PROG2220: Section 1

Assignment 1: Task 1

Current System Date
2016-09-05 16:49:18


*** Task 1, Q1. Textbook Exercise 3-06 (page 111) [2 points] ***

vendor_name	vendor_contact_last_name	vendor_contact_first_name
Dristas Groom & McCormick	Aaronsen	Thom
Internal Revenue Service	Aileen	Joan
US Postal Service	Alberto	Francesco
Yale Industrial Trucks-Fresno	Alexis	Alexandro
Leslie Company	Alondra	Zev
American Booksellers Assoc	Angelica	Nashalie
Courier Companies, Inc	Antavius	Troy
Pacific Gas & Electric	Anthoni	Kaitlyn
Lou Gentile's Flower Basket	Anum	Trisha
Pollstar	Aranovitch	Robert


*** Task 1, Q2. Textbook Exercise 3-07 (page 111) [1 point] ***

full_name
Aaronsen, Thom
Aileen, Joan
Alberto, Francesco
Alexis, Alexandro
Alondra, Zev
Angelica, Nashalie
Antavius, Troy
Anthoni, Kaitlyn
Anum, Trisha
Aranovitch, Robert
Armando, Jan
Arodondo, Cesar
Articunia, Mercedez
Aryn, Leroy
Baylee, Dakota
Beauregard, Violet
Bernard, Lucy
Bernardo, Brittnee
Blanca, Korah
Bluzinski, Rachael
Bradlee, Daniel
Bragg, Walter
Braydon, Anne
Brenton, Kila
Brooklynn, Keely
Bucket, Charlie
Camron, Trentin
Carrollton, Priscilla
Carson, Julian
Chaddick, Derek
Cheyenne, Kaylea
Church, Charlie
Clifford, Jillian
Colette, Dusty
Colton, Leah
Edgardo, Salina
Eliana, Nikolas
Elmert, Ron
Essence, Marjorie
Eulalia, Kelsey
Evan, Emily


*** Task 1, Q3. Textbook Exercise 3-08 (page 111) [1 point] ***

Due Date	Invoice Total	10%	Plus 10%
2014-08-23	503.20	50.320000	553.520
2014-08-10	579.42	57.942000	637.362
2014-08-08	600.00	60.000000	660.000
2014-08-06	739.20	73.920000	813.120
2014-07-25	904.14	90.414000	994.554
2014-07-11	936.93	93.693000	1030.623
2014-06-29	639.77	63.977000	703.747
2014-06-24	565.15	56.515000	621.665
2014-06-20	953.10	95.310000	1048.410
2014-06-02	856.92	85.692000	942.612
2014-05-24	601.95	60.195000	662.145
2014-05-16	662.00	66.200000	728.200


*** Task 1, Q4. Textbook Exercise 3-09 (page 111) [2 points] ***

invoice_number	invoice_total	payment_credit_total	balance_due
P-0608	20551.18	1200.00	19351.18
0-2436	10976.06	0.00	10976.06
31361833	579.42	0.00	579.42
9982771	503.20	0.00	503.20
547480102	224.00	0.00	224.00


*** Task 1, Q5. Textbook Exercise 3-10 (page 112) [2 points] ***

invoice_number	invoice_date	balance_due	payment_date
39104	2014-07-10	85.31	NULL
963253264	2014-07-18	52.25	NULL
31361833	2014-07-21	579.42	NULL
263253268	2014-07-21	59.97	NULL
263253270	2014-07-22	67.92	NULL
263253273	2014-07-22	30.75	NULL
P-0608	2014-07-23	19351.18	NULL
9982771	2014-07-24	503.20	NULL
134116	2014-07-28	90.36	NULL
0-2436	2014-07-31	10976.06	NULL
547480102	2014-08-01	224.00	NULL


*** Task 1, Q6. Textbook Exercise 3-11 (page 112) [1 point] ***

current_date
09-05-2016


*** Task 1, Q7. Textbook Exercise 3-12 (page 112) [1 point] ***

starting_principle	interest	principle_plus_interest
50000	3250.000	53250.000
